2018-12-21T09:44:01+00:00 CRITICAL Uncaught exception 'Exception' with message 'The role own-courses for user doesn't exist' in D:\xampp\htdocs\hybrid-ins\wp-content\plugins\learnpress\inc\user\abstract-lp-user.php:1836
Stack trace:
#0 D:\xampp\htdocs\hybrid-ins\wp-content\themes\elearningwp\inc\widgets\top-instructors\tpl\base-v2.php(69): LP_Abstract_User->get('own-courses', Array)
#1 D:\xampp\htdocs\hybrid-ins\wp-content\plugins\thim-core\inc\class-thim-widget.php(128): include('D:\\xampp\\htdocs...')
#2 D:\xampp\htdocs\hybrid-ins\wp-content\plugins\siteorigin-panels\inc\renderer.php(541): Thim_Widget->widget(Array, Array)
#3 D:\xampp\htdocs\hybrid-ins\wp-content\plugins\siteorigin-panels\inc\renderer.php(848): SiteOrigin_Panels_Renderer->the_widget(Array, Array, 2, 0, 1, false, true, 313, '')
#4 D:\xampp\htdocs\hybrid-ins\wp-content\plugins\siteorigin-panels\inc\renderer.php(807): SiteOrigin_Panels_Renderer->render_widget(313, 2, 0, 1, Array, true)
#5 D:\xampp\htdocs\hybrid-ins\wp-content\plugins\siteorigin-panels\inc\renderer.php(733): Sit in D:\xampp\htdocs\hybrid-ins\wp-content\plugins\learnpress\inc\user\abstract-lp-user.php on line 1836

2018-12-21T09:48:47+00:00 CRITICAL Uncaught exception 'Exception' with message 'The role own-courses for user doesn't exist' in D:\xampp\htdocs\hybrid-ins\wp-content\plugins\learnpress\inc\user\abstract-lp-user.php:1836
Stack trace:
#0 D:\xampp\htdocs\hybrid-ins\wp-content\themes\elearningwp\inc\widgets\top-instructors\tpl\base-v2.php(69): LP_Abstract_User->get('own-courses', Array)
#1 D:\xampp\htdocs\hybrid-ins\wp-content\plugins\thim-core\inc\class-thim-widget.php(128): include('D:\\xampp\\htdocs...')
#2 D:\xampp\htdocs\hybrid-ins\wp-content\plugins\siteorigin-panels\inc\renderer.php(541): Thim_Widget->widget(Array, Array)
#3 D:\xampp\htdocs\hybrid-ins\wp-content\plugins\siteorigin-panels\inc\renderer.php(848): SiteOrigin_Panels_Renderer->the_widget(Array, Array, 2, 0, 1, false, true, 313, '')
#4 D:\xampp\htdocs\hybrid-ins\wp-content\plugins\siteorigin-panels\inc\renderer.php(807): SiteOrigin_Panels_Renderer->render_widget(313, 2, 0, 1, Array, true)
#5 D:\xampp\htdocs\hybrid-ins\wp-content\plugins\siteorigin-panels\inc\renderer.php(733): Sit in D:\xampp\htdocs\hybrid-ins\wp-content\plugins\learnpress\inc\user\abstract-lp-user.php on line 1836

2018-12-21T09:53:41+00:00 CRITICAL Uncaught exception 'Exception' with message 'The role own-courses for user doesn't exist' in D:\xampp\htdocs\hybrid-ins\wp-content\plugins\learnpress\inc\user\abstract-lp-user.php:1836
Stack trace:
#0 D:\xampp\htdocs\hybrid-ins\wp-content\themes\elearningwp\inc\widgets\top-instructors\tpl\base-v2.php(69): LP_Abstract_User->get('own-courses', Array)
#1 D:\xampp\htdocs\hybrid-ins\wp-content\plugins\thim-core\inc\class-thim-widget.php(128): include('D:\\xampp\\htdocs...')
#2 D:\xampp\htdocs\hybrid-ins\wp-content\plugins\siteorigin-panels\inc\renderer.php(541): Thim_Widget->widget(Array, Array)
#3 D:\xampp\htdocs\hybrid-ins\wp-content\plugins\siteorigin-panels\inc\renderer.php(848): SiteOrigin_Panels_Renderer->the_widget(Array, Array, 2, 0, 1, false, true, 313, '')
#4 D:\xampp\htdocs\hybrid-ins\wp-content\plugins\siteorigin-panels\inc\renderer.php(807): SiteOrigin_Panels_Renderer->render_widget(313, 2, 0, 1, Array, true)
#5 D:\xampp\htdocs\hybrid-ins\wp-content\plugins\siteorigin-panels\inc\renderer.php(733): Sit in D:\xampp\htdocs\hybrid-ins\wp-content\plugins\learnpress\inc\user\abstract-lp-user.php on line 1836

2018-12-21T11:00:48+00:00 CRITICAL Uncaught exception 'Exception' with message 'The role own-courses for user doesn't exist' in D:\xampp\htdocs\hybrid-ins\wp-content\plugins\learnpress\inc\user\abstract-lp-user.php:1836
Stack trace:
#0 D:\xampp\htdocs\hybrid-ins\wp-content\themes\elearningwp\inc\widgets\top-instructors\tpl\base-v2.php(69): LP_Abstract_User->get('own-courses', Array)
#1 D:\xampp\htdocs\hybrid-ins\wp-content\plugins\thim-core\inc\class-thim-widget.php(128): include('D:\\xampp\\htdocs...')
#2 D:\xampp\htdocs\hybrid-ins\wp-content\plugins\siteorigin-panels\inc\renderer.php(541): Thim_Widget->widget(Array, Array)
#3 D:\xampp\htdocs\hybrid-ins\wp-content\plugins\siteorigin-panels\inc\renderer.php(848): SiteOrigin_Panels_Renderer->the_widget(Array, Array, 2, 0, 1, false, true, 313, '')
#4 D:\xampp\htdocs\hybrid-ins\wp-content\plugins\siteorigin-panels\inc\renderer.php(807): SiteOrigin_Panels_Renderer->render_widget(313, 2, 0, 1, Array, true)
#5 D:\xampp\htdocs\hybrid-ins\wp-content\plugins\siteorigin-panels\inc\renderer.php(733): Sit in D:\xampp\htdocs\hybrid-ins\wp-content\plugins\learnpress\inc\user\abstract-lp-user.php on line 1836

2018-12-21T11:04:03+00:00 CRITICAL Uncaught exception 'Exception' with message 'The role own-courses for user doesn't exist' in D:\xampp\htdocs\hybrid-ins\wp-content\plugins\learnpress\inc\user\abstract-lp-user.php:1836
Stack trace:
#0 D:\xampp\htdocs\hybrid-ins\wp-content\themes\elearningwp\inc\widgets\top-instructors\tpl\base-v2.php(69): LP_Abstract_User->get('own-courses', Array)
#1 D:\xampp\htdocs\hybrid-ins\wp-content\plugins\thim-core\inc\class-thim-widget.php(128): include('D:\\xampp\\htdocs...')
#2 D:\xampp\htdocs\hybrid-ins\wp-content\plugins\siteorigin-panels\inc\renderer.php(541): Thim_Widget->widget(Array, Array)
#3 D:\xampp\htdocs\hybrid-ins\wp-content\plugins\siteorigin-panels\inc\renderer.php(848): SiteOrigin_Panels_Renderer->the_widget(Array, Array, 2, 0, 1, false, true, 313, '')
#4 D:\xampp\htdocs\hybrid-ins\wp-content\plugins\siteorigin-panels\inc\renderer.php(807): SiteOrigin_Panels_Renderer->render_widget(313, 2, 0, 1, Array, true)
#5 D:\xampp\htdocs\hybrid-ins\wp-content\plugins\siteorigin-panels\inc\renderer.php(733): Sit in D:\xampp\htdocs\hybrid-ins\wp-content\plugins\learnpress\inc\user\abstract-lp-user.php on line 1836

2018-12-21T11:12:36+00:00 CRITICAL Uncaught exception 'Exception' with message 'The role own-courses for user doesn't exist' in D:\xampp\htdocs\hybrid-ins\wp-content\plugins\learnpress\inc\user\abstract-lp-user.php:1836
Stack trace:
#0 D:\xampp\htdocs\hybrid-ins\wp-content\themes\elearningwp\inc\widgets\top-instructors\tpl\base-v2.php(69): LP_Abstract_User->get('own-courses', Array)
#1 D:\xampp\htdocs\hybrid-ins\wp-content\plugins\thim-core\inc\class-thim-widget.php(128): include('D:\\xampp\\htdocs...')
#2 D:\xampp\htdocs\hybrid-ins\wp-content\plugins\siteorigin-panels\inc\renderer.php(541): Thim_Widget->widget(Array, Array)
#3 D:\xampp\htdocs\hybrid-ins\wp-content\plugins\siteorigin-panels\inc\renderer.php(848): SiteOrigin_Panels_Renderer->the_widget(Array, Array, 2, 0, 1, false, true, 313, '')
#4 D:\xampp\htdocs\hybrid-ins\wp-content\plugins\siteorigin-panels\inc\renderer.php(807): SiteOrigin_Panels_Renderer->render_widget(313, 2, 0, 1, Array, true)
#5 D:\xampp\htdocs\hybrid-ins\wp-content\plugins\siteorigin-panels\inc\renderer.php(733): Sit in D:\xampp\htdocs\hybrid-ins\wp-content\plugins\learnpress\inc\user\abstract-lp-user.php on line 1836

2018-12-21T11:13:16+00:00 CRITICAL Uncaught exception 'Exception' with message 'The role own-courses for user doesn't exist' in D:\xampp\htdocs\hybrid-ins\wp-content\plugins\learnpress\inc\user\abstract-lp-user.php:1836
Stack trace:
#0 D:\xampp\htdocs\hybrid-ins\wp-content\themes\elearningwp\inc\widgets\top-instructors\tpl\base-v2.php(69): LP_Abstract_User->get('own-courses', Array)
#1 D:\xampp\htdocs\hybrid-ins\wp-content\plugins\thim-core\inc\class-thim-widget.php(128): include('D:\\xampp\\htdocs...')
#2 D:\xampp\htdocs\hybrid-ins\wp-content\plugins\siteorigin-panels\inc\renderer.php(541): Thim_Widget->widget(Array, Array)
#3 D:\xampp\htdocs\hybrid-ins\wp-content\plugins\siteorigin-panels\inc\renderer.php(848): SiteOrigin_Panels_Renderer->the_widget(Array, Array, 2, 0, 1, false, true, 313, '')
#4 D:\xampp\htdocs\hybrid-ins\wp-content\plugins\siteorigin-panels\inc\renderer.php(807): SiteOrigin_Panels_Renderer->render_widget(313, 2, 0, 1, Array, true)
#5 D:\xampp\htdocs\hybrid-ins\wp-content\plugins\siteorigin-panels\inc\renderer.php(733): Sit in D:\xampp\htdocs\hybrid-ins\wp-content\plugins\learnpress\inc\user\abstract-lp-user.php on line 1836

2018-12-21T11:35:48+00:00 CRITICAL Uncaught exception 'Exception' with message 'The role own-courses for user doesn't exist' in D:\xampp\htdocs\hybrid-ins\wp-content\plugins\learnpress\inc\user\abstract-lp-user.php:1836
Stack trace:
#0 D:\xampp\htdocs\hybrid-ins\wp-content\themes\elearningwp\inc\widgets\top-instructors\tpl\base-v2.php(69): LP_Abstract_User->get('own-courses', Array)
#1 D:\xampp\htdocs\hybrid-ins\wp-content\plugins\thim-core\inc\class-thim-widget.php(128): include('D:\\xampp\\htdocs...')
#2 D:\xampp\htdocs\hybrid-ins\wp-content\plugins\siteorigin-panels\inc\renderer.php(541): Thim_Widget->widget(Array, Array)
#3 D:\xampp\htdocs\hybrid-ins\wp-content\plugins\siteorigin-panels\inc\renderer.php(848): SiteOrigin_Panels_Renderer->the_widget(Array, Array, 2, 0, 1, false, true, 313, '')
#4 D:\xampp\htdocs\hybrid-ins\wp-content\plugins\siteorigin-panels\inc\renderer.php(807): SiteOrigin_Panels_Renderer->render_widget(313, 2, 0, 1, Array, true)
#5 D:\xampp\htdocs\hybrid-ins\wp-content\plugins\siteorigin-panels\inc\renderer.php(733): Sit in D:\xampp\htdocs\hybrid-ins\wp-content\plugins\learnpress\inc\user\abstract-lp-user.php on line 1836

2018-12-21T11:49:22+00:00 CRITICAL Uncaught exception 'Exception' with message 'The role own-courses for user doesn't exist' in D:\xampp\htdocs\hybrid-ins\wp-content\plugins\learnpress\inc\user\abstract-lp-user.php:1836
Stack trace:
#0 D:\xampp\htdocs\hybrid-ins\wp-content\themes\elearningwp\inc\widgets\top-instructors\tpl\base-v2.php(69): LP_Abstract_User->get('own-courses', Array)
#1 D:\xampp\htdocs\hybrid-ins\wp-content\plugins\thim-core\inc\class-thim-widget.php(128): include('D:\\xampp\\htdocs...')
#2 D:\xampp\htdocs\hybrid-ins\wp-content\plugins\siteorigin-panels\inc\renderer.php(541): Thim_Widget->widget(Array, Array)
#3 D:\xampp\htdocs\hybrid-ins\wp-content\plugins\siteorigin-panels\inc\renderer.php(848): SiteOrigin_Panels_Renderer->the_widget(Array, Array, 2, 0, 1, false, true, 313, '')
#4 D:\xampp\htdocs\hybrid-ins\wp-content\plugins\siteorigin-panels\inc\renderer.php(807): SiteOrigin_Panels_Renderer->render_widget(313, 2, 0, 1, Array, true)
#5 D:\xampp\htdocs\hybrid-ins\wp-content\plugins\siteorigin-panels\inc\renderer.php(733): Sit in D:\xampp\htdocs\hybrid-ins\wp-content\plugins\learnpress\inc\user\abstract-lp-user.php on line 1836

2018-12-21T11:49:39+00:00 CRITICAL Uncaught exception 'Exception' with message 'The role own-courses for user doesn't exist' in D:\xampp\htdocs\hybrid-ins\wp-content\plugins\learnpress\inc\user\abstract-lp-user.php:1836
Stack trace:
#0 D:\xampp\htdocs\hybrid-ins\wp-content\themes\elearningwp\inc\widgets\top-instructors\tpl\base-v2.php(69): LP_Abstract_User->get('own-courses', Array)
#1 D:\xampp\htdocs\hybrid-ins\wp-content\plugins\thim-core\inc\class-thim-widget.php(128): include('D:\\xampp\\htdocs...')
#2 D:\xampp\htdocs\hybrid-ins\wp-content\plugins\siteorigin-panels\inc\renderer.php(541): Thim_Widget->widget(Array, Array)
#3 D:\xampp\htdocs\hybrid-ins\wp-content\plugins\siteorigin-panels\inc\renderer.php(848): SiteOrigin_Panels_Renderer->the_widget(Array, Array, 2, 0, 1, false, true, 313, '')
#4 D:\xampp\htdocs\hybrid-ins\wp-content\plugins\siteorigin-panels\inc\renderer.php(807): SiteOrigin_Panels_Renderer->render_widget(313, 2, 0, 1, Array, true)
#5 D:\xampp\htdocs\hybrid-ins\wp-content\plugins\siteorigin-panels\inc\renderer.php(733): Sit in D:\xampp\htdocs\hybrid-ins\wp-content\plugins\learnpress\inc\user\abstract-lp-user.php on line 1836

2018-12-21T11:51:04+00:00 CRITICAL Uncaught exception 'Exception' with message 'The role own-courses for user doesn't exist' in D:\xampp\htdocs\hybrid-ins\wp-content\plugins\learnpress\inc\user\abstract-lp-user.php:1836
Stack trace:
#0 D:\xampp\htdocs\hybrid-ins\wp-content\themes\elearningwp\inc\widgets\top-instructors\tpl\base-v2.php(69): LP_Abstract_User->get('own-courses', Array)
#1 D:\xampp\htdocs\hybrid-ins\wp-content\plugins\thim-core\inc\class-thim-widget.php(128): include('D:\\xampp\\htdocs...')
#2 D:\xampp\htdocs\hybrid-ins\wp-content\plugins\siteorigin-panels\inc\renderer.php(541): Thim_Widget->widget(Array, Array)
#3 D:\xampp\htdocs\hybrid-ins\wp-content\plugins\siteorigin-panels\inc\renderer.php(848): SiteOrigin_Panels_Renderer->the_widget(Array, Array, 2, 0, 1, false, true, 313, '')
#4 D:\xampp\htdocs\hybrid-ins\wp-content\plugins\siteorigin-panels\inc\renderer.php(807): SiteOrigin_Panels_Renderer->render_widget(313, 2, 0, 1, Array, true)
#5 D:\xampp\htdocs\hybrid-ins\wp-content\plugins\siteorigin-panels\inc\renderer.php(733): Sit in D:\xampp\htdocs\hybrid-ins\wp-content\plugins\learnpress\inc\user\abstract-lp-user.php on line 1836

2018-12-21T11:53:27+00:00 CRITICAL Uncaught exception 'Exception' with message 'The role own-courses for user doesn't exist' in D:\xampp\htdocs\hybrid-ins\wp-content\plugins\learnpress\inc\user\abstract-lp-user.php:1836
Stack trace:
#0 D:\xampp\htdocs\hybrid-ins\wp-content\themes\elearningwp\inc\widgets\top-instructors\tpl\base-v2.php(69): LP_Abstract_User->get('own-courses', Array)
#1 D:\xampp\htdocs\hybrid-ins\wp-content\plugins\thim-core\inc\class-thim-widget.php(128): include('D:\\xampp\\htdocs...')
#2 D:\xampp\htdocs\hybrid-ins\wp-content\plugins\siteorigin-panels\inc\renderer.php(541): Thim_Widget->widget(Array, Array)
#3 D:\xampp\htdocs\hybrid-ins\wp-content\plugins\siteorigin-panels\inc\renderer.php(848): SiteOrigin_Panels_Renderer->the_widget(Array, Array, 2, 0, 1, false, true, 313, '')
#4 D:\xampp\htdocs\hybrid-ins\wp-content\plugins\siteorigin-panels\inc\renderer.php(807): SiteOrigin_Panels_Renderer->render_widget(313, 2, 0, 1, Array, true)
#5 D:\xampp\htdocs\hybrid-ins\wp-content\plugins\siteorigin-panels\inc\renderer.php(733): Sit in D:\xampp\htdocs\hybrid-ins\wp-content\plugins\learnpress\inc\user\abstract-lp-user.php on line 1836

2018-12-21T12:09:44+00:00 CRITICAL Uncaught exception 'Exception' with message 'The role own-courses for user doesn't exist' in D:\xampp\htdocs\hybrid-ins\wp-content\plugins\learnpress\inc\user\abstract-lp-user.php:1836
Stack trace:
#0 D:\xampp\htdocs\hybrid-ins\wp-content\themes\elearningwp\inc\widgets\top-instructors\tpl\base-v2.php(69): LP_Abstract_User->get('own-courses', Array)
#1 D:\xampp\htdocs\hybrid-ins\wp-content\plugins\thim-core\inc\class-thim-widget.php(128): include('D:\\xampp\\htdocs...')
#2 D:\xampp\htdocs\hybrid-ins\wp-content\plugins\siteorigin-panels\inc\renderer.php(541): Thim_Widget->widget(Array, Array)
#3 D:\xampp\htdocs\hybrid-ins\wp-content\plugins\siteorigin-panels\inc\renderer.php(848): SiteOrigin_Panels_Renderer->the_widget(Array, Array, 0, 0, 0, true, true, 371, '')
#4 D:\xampp\htdocs\hybrid-ins\wp-content\plugins\siteorigin-panels\inc\renderer.php(807): SiteOrigin_Panels_Renderer->render_widget(371, 0, 0, 0, Array, true)
#5 D:\xampp\htdocs\hybrid-ins\wp-content\plugins\siteorigin-panels\inc\renderer.php(733): Site in D:\xampp\htdocs\hybrid-ins\wp-content\plugins\learnpress\inc\user\abstract-lp-user.php on line 1836

2018-12-21T12:14:50+00:00 CRITICAL Uncaught exception 'Exception' with message 'The role own-courses for user doesn't exist' in D:\xampp\htdocs\hybrid-ins\wp-content\plugins\learnpress\inc\user\abstract-lp-user.php:1836
Stack trace:
#0 D:\xampp\htdocs\hybrid-ins\wp-content\themes\elearningwp\inc\widgets\top-instructors\tpl\base-v2.php(69): LP_Abstract_User->get('own-courses', Array)
#1 D:\xampp\htdocs\hybrid-ins\wp-content\plugins\thim-core\inc\class-thim-widget.php(128): include('D:\\xampp\\htdocs...')
#2 D:\xampp\htdocs\hybrid-ins\wp-content\plugins\siteorigin-panels\inc\renderer.php(541): Thim_Widget->widget(Array, Array)
#3 D:\xampp\htdocs\hybrid-ins\wp-content\plugins\siteorigin-panels\inc\renderer.php(848): SiteOrigin_Panels_Renderer->the_widget(Array, Array, 0, 0, 0, true, true, 371, '')
#4 D:\xampp\htdocs\hybrid-ins\wp-content\plugins\siteorigin-panels\inc\renderer.php(807): SiteOrigin_Panels_Renderer->render_widget(371, 0, 0, 0, Array, true)
#5 D:\xampp\htdocs\hybrid-ins\wp-content\plugins\siteorigin-panels\inc\renderer.php(733): Site in D:\xampp\htdocs\hybrid-ins\wp-content\plugins\learnpress\inc\user\abstract-lp-user.php on line 1836

2018-12-21T12:16:15+00:00 CRITICAL Call to a member function get_image() on boolean in D:\xampp\htdocs\hybrid-ins\wp-content\plugins\learnpress\templates\widgets\popular-courses\default.php on line 43

2018-12-21T13:10:12+00:00 CRITICAL Uncaught exception 'Exception' with message 'The role own-courses for user doesn't exist' in D:\xampp\htdocs\hybrid-ins\wp-content\plugins\learnpress\inc\user\abstract-lp-user.php:1836
Stack trace:
#0 D:\xampp\htdocs\hybrid-ins\wp-content\themes\elearningwp\inc\widgets\top-instructors\tpl\base-v2.php(69): LP_Abstract_User->get('own-courses', Array)
#1 D:\xampp\htdocs\hybrid-ins\wp-content\plugins\thim-core\inc\class-thim-widget.php(128): include('D:\\xampp\\htdocs...')
#2 D:\xampp\htdocs\hybrid-ins\wp-content\plugins\siteorigin-panels\inc\renderer.php(541): Thim_Widget->widget(Array, Array)
#3 D:\xampp\htdocs\hybrid-ins\wp-content\plugins\siteorigin-panels\inc\renderer.php(848): SiteOrigin_Panels_Renderer->the_widget(Array, Array, 0, 0, 0, true, true, 371, '')
#4 D:\xampp\htdocs\hybrid-ins\wp-content\plugins\siteorigin-panels\inc\renderer.php(807): SiteOrigin_Panels_Renderer->render_widget(371, 0, 0, 0, Array, true)
#5 D:\xampp\htdocs\hybrid-ins\wp-content\plugins\siteorigin-panels\inc\renderer.php(733): Site in D:\xampp\htdocs\hybrid-ins\wp-content\plugins\learnpress\inc\user\abstract-lp-user.php on line 1836

2018-12-21T13:11:17+00:00 CRITICAL Uncaught exception 'Exception' with message 'The role own-courses for user doesn't exist' in D:\xampp\htdocs\hybrid-ins\wp-content\plugins\learnpress\inc\user\abstract-lp-user.php:1836
Stack trace:
#0 D:\xampp\htdocs\hybrid-ins\wp-content\themes\elearningwp\inc\widgets\top-instructors\tpl\base-v2.php(69): LP_Abstract_User->get('own-courses', Array)
#1 D:\xampp\htdocs\hybrid-ins\wp-content\plugins\thim-core\inc\class-thim-widget.php(128): include('D:\\xampp\\htdocs...')
#2 D:\xampp\htdocs\hybrid-ins\wp-content\plugins\siteorigin-panels\inc\renderer.php(541): Thim_Widget->widget(Array, Array)
#3 D:\xampp\htdocs\hybrid-ins\wp-content\plugins\siteorigin-panels\inc\renderer.php(848): SiteOrigin_Panels_Renderer->the_widget(Array, Array, 0, 0, 0, true, true, 371, '')
#4 D:\xampp\htdocs\hybrid-ins\wp-content\plugins\siteorigin-panels\inc\renderer.php(807): SiteOrigin_Panels_Renderer->render_widget(371, 0, 0, 0, Array, true)
#5 D:\xampp\htdocs\hybrid-ins\wp-content\plugins\siteorigin-panels\inc\renderer.php(733): Site in D:\xampp\htdocs\hybrid-ins\wp-content\plugins\learnpress\inc\user\abstract-lp-user.php on line 1836

2018-12-21T13:12:08+00:00 CRITICAL Uncaught exception 'Exception' with message 'The role own-courses for user doesn't exist' in D:\xampp\htdocs\hybrid-ins\wp-content\plugins\learnpress\inc\user\abstract-lp-user.php:1836
Stack trace:
#0 D:\xampp\htdocs\hybrid-ins\wp-content\themes\elearningwp\inc\widgets\top-instructors\tpl\base-v2.php(69): LP_Abstract_User->get('own-courses', Array)
#1 D:\xampp\htdocs\hybrid-ins\wp-content\plugins\thim-core\inc\class-thim-widget.php(128): include('D:\\xampp\\htdocs...')
#2 D:\xampp\htdocs\hybrid-ins\wp-content\plugins\siteorigin-panels\inc\renderer.php(541): Thim_Widget->widget(Array, Array)
#3 D:\xampp\htdocs\hybrid-ins\wp-content\plugins\siteorigin-panels\inc\renderer.php(848): SiteOrigin_Panels_Renderer->the_widget(Array, Array, 0, 0, 0, true, true, 371, '')
#4 D:\xampp\htdocs\hybrid-ins\wp-content\plugins\siteorigin-panels\inc\renderer.php(807): SiteOrigin_Panels_Renderer->render_widget(371, 0, 0, 0, Array, true)
#5 D:\xampp\htdocs\hybrid-ins\wp-content\plugins\siteorigin-panels\inc\renderer.php(733): Site in D:\xampp\htdocs\hybrid-ins\wp-content\plugins\learnpress\inc\user\abstract-lp-user.php on line 1836

2018-12-21T13:13:04+00:00 CRITICAL Uncaught exception 'Exception' with message 'The role own-courses for user doesn't exist' in D:\xampp\htdocs\hybrid-ins\wp-content\plugins\learnpress\inc\user\abstract-lp-user.php:1836
Stack trace:
#0 D:\xampp\htdocs\hybrid-ins\wp-content\themes\elearningwp\inc\widgets\top-instructors\tpl\base-v2.php(69): LP_Abstract_User->get('own-courses', Array)
#1 D:\xampp\htdocs\hybrid-ins\wp-content\plugins\thim-core\inc\class-thim-widget.php(128): include('D:\\xampp\\htdocs...')
#2 D:\xampp\htdocs\hybrid-ins\wp-content\plugins\siteorigin-panels\inc\renderer.php(541): Thim_Widget->widget(Array, Array)
#3 D:\xampp\htdocs\hybrid-ins\wp-content\plugins\siteorigin-panels\inc\renderer.php(848): SiteOrigin_Panels_Renderer->the_widget(Array, Array, 0, 0, 0, true, true, 371, '')
#4 D:\xampp\htdocs\hybrid-ins\wp-content\plugins\siteorigin-panels\inc\renderer.php(807): SiteOrigin_Panels_Renderer->render_widget(371, 0, 0, 0, Array, true)
#5 D:\xampp\htdocs\hybrid-ins\wp-content\plugins\siteorigin-panels\inc\renderer.php(733): Site in D:\xampp\htdocs\hybrid-ins\wp-content\plugins\learnpress\inc\user\abstract-lp-user.php on line 1836

2018-12-21T13:15:35+00:00 CRITICAL Uncaught exception 'Exception' with message 'The role own-courses for user doesn't exist' in D:\xampp\htdocs\hybrid-ins\wp-content\plugins\learnpress\inc\user\abstract-lp-user.php:1686
Stack trace:
#0 D:\xampp\htdocs\hybrid-ins\wp-content\themes\elearningwp\inc\widgets\top-instructors\tpl\base-v2.php(69): LP_Abstract_User->get('own-courses', Array)
#1 D:\xampp\htdocs\hybrid-ins\wp-content\plugins\thim-core\inc\class-thim-widget.php(128): include('D:\\xampp\\htdocs...')
#2 D:\xampp\htdocs\hybrid-ins\wp-content\plugins\siteorigin-panels\inc\renderer.php(541): Thim_Widget->widget(Array, Array)
#3 D:\xampp\htdocs\hybrid-ins\wp-content\plugins\siteorigin-panels\inc\renderer.php(848): SiteOrigin_Panels_Renderer->the_widget(Array, Array, 0, 0, 0, true, true, 371, '')
#4 D:\xampp\htdocs\hybrid-ins\wp-content\plugins\siteorigin-panels\inc\renderer.php(807): SiteOrigin_Panels_Renderer->render_widget(371, 0, 0, 0, Array, true)
#5 D:\xampp\htdocs\hybrid-ins\wp-content\plugins\siteorigin-panels\inc\renderer.php(733): Site in D:\xampp\htdocs\hybrid-ins\wp-content\plugins\learnpress\inc\user\abstract-lp-user.php on line 1686

2018-12-21T13:16:00+00:00 CRITICAL Uncaught exception 'Exception' with message 'The role own-courses for user doesn't exist' in D:\xampp\htdocs\hybrid-ins\wp-content\plugins\learnpress\inc\user\abstract-lp-user.php:1686
Stack trace:
#0 D:\xampp\htdocs\hybrid-ins\wp-content\themes\elearningwp\inc\widgets\top-instructors\tpl\base-v2.php(69): LP_Abstract_User->get('own-courses', Array)
#1 D:\xampp\htdocs\hybrid-ins\wp-content\plugins\thim-core\inc\class-thim-widget.php(128): include('D:\\xampp\\htdocs...')
#2 D:\xampp\htdocs\hybrid-ins\wp-content\plugins\siteorigin-panels\inc\renderer.php(541): Thim_Widget->widget(Array, Array)
#3 D:\xampp\htdocs\hybrid-ins\wp-content\plugins\siteorigin-panels\inc\renderer.php(848): SiteOrigin_Panels_Renderer->the_widget(Array, Array, 0, 0, 0, true, true, 371, '')
#4 D:\xampp\htdocs\hybrid-ins\wp-content\plugins\siteorigin-panels\inc\renderer.php(807): SiteOrigin_Panels_Renderer->render_widget(371, 0, 0, 0, Array, true)
#5 D:\xampp\htdocs\hybrid-ins\wp-content\plugins\siteorigin-panels\inc\renderer.php(733): Site in D:\xampp\htdocs\hybrid-ins\wp-content\plugins\learnpress\inc\user\abstract-lp-user.php on line 1686

2018-12-21T13:18:05+00:00 CRITICAL Uncaught exception 'Exception' with message 'The role own-courses for user doesn't exist' in D:\xampp\htdocs\hybrid-ins\wp-content\plugins\learnpress\inc\user\abstract-lp-user.php:1686
Stack trace:
#0 D:\xampp\htdocs\hybrid-ins\wp-content\themes\elearningwp\inc\widgets\top-instructors\tpl\base-v2.php(69): LP_Abstract_User->get('own-courses', Array)
#1 D:\xampp\htdocs\hybrid-ins\wp-content\plugins\thim-core\inc\class-thim-widget.php(128): include('D:\\xampp\\htdocs...')
#2 D:\xampp\htdocs\hybrid-ins\wp-content\plugins\siteorigin-panels\inc\renderer.php(541): Thim_Widget->widget(Array, Array)
#3 D:\xampp\htdocs\hybrid-ins\wp-content\plugins\siteorigin-panels\inc\renderer.php(848): SiteOrigin_Panels_Renderer->the_widget(Array, Array, 0, 0, 0, true, true, 371, '')
#4 D:\xampp\htdocs\hybrid-ins\wp-content\plugins\siteorigin-panels\inc\renderer.php(807): SiteOrigin_Panels_Renderer->render_widget(371, 0, 0, 0, Array, true)
#5 D:\xampp\htdocs\hybrid-ins\wp-content\plugins\siteorigin-panels\inc\renderer.php(733): Site in D:\xampp\htdocs\hybrid-ins\wp-content\plugins\learnpress\inc\user\abstract-lp-user.php on line 1686

2018-12-21T13:22:58+00:00 CRITICAL Uncaught exception 'Exception' with message 'The role own-courses for user doesn't exist' in D:\xampp\htdocs\hybrid-ins\wp-content\plugins\learnpress\inc\user\abstract-lp-user.php:1686
Stack trace:
#0 D:\xampp\htdocs\hybrid-ins\wp-content\themes\elearningwp\inc\widgets\top-instructors\tpl\base-v2.php(69): LP_Abstract_User->get('own-courses', Array)
#1 D:\xampp\htdocs\hybrid-ins\wp-content\plugins\thim-core\inc\class-thim-widget.php(128): include('D:\\xampp\\htdocs...')
#2 D:\xampp\htdocs\hybrid-ins\wp-content\plugins\siteorigin-panels\inc\renderer.php(541): Thim_Widget->widget(Array, Array)
#3 D:\xampp\htdocs\hybrid-ins\wp-content\plugins\siteorigin-panels\inc\renderer.php(848): SiteOrigin_Panels_Renderer->the_widget(Array, Array, 0, 0, 0, true, true, 371, '')
#4 D:\xampp\htdocs\hybrid-ins\wp-content\plugins\siteorigin-panels\inc\renderer.php(807): SiteOrigin_Panels_Renderer->render_widget(371, 0, 0, 0, Array, true)
#5 D:\xampp\htdocs\hybrid-ins\wp-content\plugins\siteorigin-panels\inc\renderer.php(733): Site in D:\xampp\htdocs\hybrid-ins\wp-content\plugins\learnpress\inc\user\abstract-lp-user.php on line 1686

2018-12-21T13:23:11+00:00 CRITICAL Uncaught exception 'Exception' with message 'The role own-courses for user doesn't exist' in D:\xampp\htdocs\hybrid-ins\wp-content\plugins\learnpress\inc\user\abstract-lp-user.php:1686
Stack trace:
#0 D:\xampp\htdocs\hybrid-ins\wp-content\themes\elearningwp\inc\widgets\top-instructors\tpl\base-v2.php(69): LP_Abstract_User->get('own-courses', Array)
#1 D:\xampp\htdocs\hybrid-ins\wp-content\plugins\thim-core\inc\class-thim-widget.php(128): include('D:\\xampp\\htdocs...')
#2 D:\xampp\htdocs\hybrid-ins\wp-content\plugins\siteorigin-panels\inc\renderer.php(541): Thim_Widget->widget(Array, Array)
#3 D:\xampp\htdocs\hybrid-ins\wp-content\plugins\siteorigin-panels\inc\renderer.php(848): SiteOrigin_Panels_Renderer->the_widget(Array, Array, 0, 0, 0, true, true, 371, '')
#4 D:\xampp\htdocs\hybrid-ins\wp-content\plugins\siteorigin-panels\inc\renderer.php(807): SiteOrigin_Panels_Renderer->render_widget(371, 0, 0, 0, Array, true)
#5 D:\xampp\htdocs\hybrid-ins\wp-content\plugins\siteorigin-panels\inc\renderer.php(733): Site in D:\xampp\htdocs\hybrid-ins\wp-content\plugins\learnpress\inc\user\abstract-lp-user.php on line 1686

